<?xml version="1.0" encoding="UTF-8"?>
<!-- Generated by org.testng.reporters.JUnitReportReporter -->
<testsuite hostname="CT_ASUS" failures="0" tests="1" name="demoplot.DemoPlot.AppiumBasics" time="2.364" errors="0" timestamp="2023-09-14T11:37:32 IST" skipped="0">
  <testcase classname="demoplot.DemoPlot.AppiumBasics" name="KrishLogin" time="2.364"/>
</testsuite> <!-- demoplot.DemoPlot.AppiumBasics -->
